********************************************************************************
DUPLICATOR-LITE PACKAGE-LOG: March 15, 2018 6:47 pm
NOTICE: Do NOT post to public sites or forums 
********************************************************************************
VERSION:	1.2.34
WORDPRESS:	4.9.4
PHP INFO:	7.2.1 | SAPI: apache2handler
SERVER:		Apache/2.4.29 (Win32) OpenSSL/1.1.0g PHP/7.2.1 
PHP TIME LIMIT: (0) no time limit imposed 
PHP MAX MEMORY: 2048M (512M default) 
MEMORY STACK: 20MB 

********************************************************************************
DATABASE:
********************************************************************************
BUILD MODE:   MYSQLDUMP
MYSQLTIMEOUT: 5000
MYSQLDUMP:    Is Supported 
FILTERED: [] 
RESPONSE: Ran from C:/xampp/mysql/bin/mysqldump.exe 
TABLES: total:34 | filtered:0 | create:34 
SQL CREATED: 20180315_myshop_3f7abac512cf61a63085180315184654_database.sql 
SQL FILE SIZE: 609.08KB (623699) 
SQL FILE TIME: 2018-03-15 18:47:27 
SQL RUNTIME: 2.89 sec. 

******************************************************************************** 
ARCHIVE (ZIP): 
******************************************************************************** 
ARCHIVE DIR:  C:/xampp/htdocs/vitalijus 
ARCHIVE FILE: 20180315_myshop_3f7abac512cf61a63085180315184654_archive.zip 
FILTERS: *OFF* 
DIRS:
	not set 
FILES:
	not set 
EXTS:  not set 
---------------------------------------- 
COMPRESSING 
SIZE:	57.85MB 
STATS:	Dirs 387 | Files 3,332 
SQL ADDED: 20180315_myshop_3f7abac512cf61a63085180315184654_database.sql 
ZipArchive Object
(
    [status] => 0
    [statusSys] => 0
    [numFiles] => 3719
    [filename] => C:\xampp\htdocs\vitalijus\wp-snapshots\tmp\20180315_myshop_3f7abac512cf61a63085180315184654_archive.zip
    [comment] => 
)
 
COMPRESSION RESULT: '1' 
COMPRESSED SIZE: 25.05MB 
ARCHIVE RUNTIME: 55.23 sec. 
MEMORY STACK: 20MB 

******************************************************************************** 
MAKE INSTALLER: 
******************************************************************************** 
Build Start 
Build Finished 
Preping for use 
PACK SIZE:  
Template parsed with new data 
Complete [C:/xampp/htdocs/vitalijus/wp-snapshots/tmp/20180315_myshop_3f7abac512cf61a63085180315184654_installer.php] 
Added to archive 

******************************************************************************** 
INTEGRITY CHECKS: 
******************************************************************************** 
SQL File: 609.08KB 
Installer File: 445.23KB 
Archive File: 25.05MB  

********************************************************************************
RECORD ID:[2]
TOTAL PROCESS RUNTIME: 60.34 sec.
PEAK PHP MEMORY USED: 22MB
DONE PROCESSING => 20180315_myshop March 15, 2018 6:48 pm
 
